2023-06-03 23:40:48.763 [info] Log level: Info
2023-06-03 23:40:48.763 [info] Validating found git in: "git"
2023-06-03 23:40:48.763 [info] Using git "2.40.1" from "git"
2023-06-03 23:40:48.763 [info] > git rev-parse --show-toplevel [5ms]
2023-06-03 23:40:48.763 [info] fatal: not a git repository (or any of the parent directories): .git
2023-06-03 23:40:48.763 [info] > git rev-parse --show-toplevel [3ms]
2023-06-03 23:40:48.763 [info] fatal: not a git repository (or any of the parent directories): .git
2023-06-03 23:40:48.763 [info] > git rev-parse --show-toplevel [21ms]
2023-06-03 23:40:48.763 [info] fatal: not a git repository (or any of the parent directories): .git
2023-06-03 23:40:48.763 [info] > git rev-parse --show-toplevel [7ms]
2023-06-03 23:40:48.763 [info] fatal: not a git repository (or any of the parent directories): .git
2023-06-03 23:40:48.763 [info] > git rev-parse --show-toplevel [8ms]
2023-06-03 23:40:48.763 [info] fatal: not a git repository (or any parent up to mount point /)
Stopping at filesystem boundary (GIT_DISCOVERY_ACROSS_FILESYSTEM not set).
2023-06-03 23:40:48.763 [info] > git rev-parse --show-toplevel [1ms]
2023-06-03 23:40:48.763 [info] fatal: not a git repository (or any of the parent directories): .git
2023-06-03 23:40:48.763 [info] > git rev-parse --show-toplevel [2ms]
2023-06-03 23:40:48.763 [info] fatal: not a git repository (or any of the parent directories): .git
2023-06-03 23:40:48.763 [info] > git rev-parse --show-toplevel [1ms]
2023-06-03 23:40:48.763 [info] fatal: not a git repository (or any parent up to mount point /)
Stopping at filesystem boundary (GIT_DISCOVERY_ACROSS_FILESYSTEM not set).
2023-06-03 23:40:48.763 [info] > git rev-parse --show-toplevel [27ms]
2023-06-03 23:40:48.763 [info] fatal: not a git repository (or any of the parent directories): .git
2023-06-03 23:40:48.765 [info] > git rev-parse --show-toplevel [3ms]
2023-06-03 23:40:48.765 [info] fatal: not a git repository (or any parent up to mount point /)
Stopping at filesystem boundary (GIT_DISCOVERY_ACROSS_FILESYSTEM not set).
2023-06-03 23:40:48.785 [info] > git rev-parse --show-toplevel [7ms]
2023-06-03 23:40:48.786 [info] fatal: not a git repository (or any parent up to mount point /)
Stopping at filesystem boundary (GIT_DISCOVERY_ACROSS_FILESYSTEM not set).
2023-06-03 23:40:48.809 [info] > git rev-parse --show-toplevel [16ms]
2023-06-03 23:40:48.809 [info] fatal: not a git repository (or any of the parent directories): .git
2023-06-03 23:40:48.818 [info] > git rev-parse --show-toplevel [1ms]
2023-06-03 23:40:48.818 [info] fatal: not a git repository (or any parent up to mount point /)
Stopping at filesystem boundary (GIT_DISCOVERY_ACROSS_FILESYSTEM not set).
2023-06-03 23:40:48.825 [info] > git rev-parse --show-toplevel [2ms]
2023-06-03 23:40:48.825 [info] fatal: not a git repository (or any parent up to mount point /)
Stopping at filesystem boundary (GIT_DISCOVERY_ACROSS_FILESYSTEM not set).
2023-06-03 23:40:48.832 [info] > git rev-parse --show-toplevel [1ms]
2023-06-03 23:40:48.832 [info] fatal: not a git repository (or any of the parent directories): .git
2023-06-03 23:40:48.839 [info] > git rev-parse --show-toplevel [1ms]
2023-06-03 23:40:48.839 [info] fatal: not a git repository (or any of the parent directories): .git
2023-06-03 23:40:48.891 [info] > git rev-parse --show-toplevel [3ms]
2023-06-03 23:40:48.891 [info] fatal: not a git repository (or any of the parent directories): .git
