2023-06-02 20:13:34.158 [info] Extension host with pid 4650 started
2023-06-02 20:13:34.158 [info] Skipping acquiring lock for /home/agoy/.config/Code - OSS/User/workspaceStorage/de045d141a8b035fd6afde5a0c3a97e9.
2023-06-02 20:13:34.396 [info] ExtensionService#_doActivateExtension vscode.emmet, startup: false, activationEvent: 'onLanguage'
2023-06-02 20:13:34.484 [info] ExtensionService#_doActivateExtension vscode.git-base, startup: true, activationEvent: '*', root cause: vscode.git
2023-06-02 20:13:34.487 [info] ExtensionService#_doActivateExtension s-nlf-fh.glassit, startup: true, activationEvent: '*'
2023-06-02 20:13:34.523 [info] ExtensionService#_doActivateExtension vscodevim.vim, startup: true, activationEvent: '*'
2023-06-02 20:13:34.693 [info] ExtensionService#_doActivateExtension vscode.git, startup: true, activationEvent: '*'
2023-06-02 20:13:34.710 [info] ExtensionService#_doActivateExtension vscode.github, startup: true, activationEvent: '*'
2023-06-02 20:13:34.822 [info] ExtensionService#_doActivateExtension vscode.json-language-features, startup: false, activationEvent: 'onLanguage:jsonc'
2023-06-02 20:13:34.837 [info] ExtensionService#_doActivateExtension vscode.typescript-language-features, startup: false, activationEvent: 'onLanguage:jsonc'
2023-06-02 20:13:41.476 [info] Not activating extension 'rust-lang.rust-analyzer': Timed out while searching for 'workspaceContains' pattern */Cargo.toml,*/rust-project.json
2023-06-02 20:13:41.477 [info] Eager extensions activated
2023-06-02 20:13:41.479 [info] ExtensionService#_doActivateExtension vscode.debug-auto-launch, startup: false, activationEvent: 'onStartupFinished'
2023-06-02 20:13:41.484 [info] ExtensionService#_doActivateExtension vscode.merge-conflict, startup: false, activationEvent: 'onStartupFinished'
2023-06-02 20:13:48.091 [info] ExtensionService#_doActivateExtension vscode.debug-server-ready, startup: false, activationEvent: 'onDebugResolve'
2023-06-02 20:14:15.278 [info] ExtensionService#_doActivateExtension vadimcn.vscode-lldb, startup: false, activationEvent: 'onDebug'
2023-06-02 20:14:15.319 [info] ExtensionService#_doActivateExtension franneck94.c-cpp-runner, startup: false, activationEvent: 'onLanguage:c'
2023-06-02 20:14:51.418 [info] ExtensionService#_doActivateExtension ms-vscode.js-debug, startup: false, activationEvent: 'onDebugInitialConfigurations'
2023-06-02 20:14:51.690 [info] ExtensionService#_doActivateExtension ms-python.python, startup: false, activationEvent: 'onDebugInitialConfigurations'
2023-06-02 20:14:52.936 [error] Error: Extension 'ms-python.python' CANNOT use API proposal: testObserver.
Its package.json#enabledApiProposals-property declares:  but NOT testObserver.
 The missing proposal MUST be added and you must start in extension development mode or use the following command line switch: --enable-proposed-api ms-python.python
	at T (/usr/lib/code/out/vs/workbench/api/node/extensionHostProcess.js:94:44801)
	at get testResults [as testResults] (/usr/lib/code/out/vs/workbench/api/node/extensionHostProcess.js:116:26559)
	at w.activate (/home/agoy/.vscode-oss/extensions/ms-python.python-2023.8.0-universal/out/client/extension.js:2:800768)
	at /home/agoy/.vscode-oss/extensions/ms-python.python-2023.8.0-universal/out/client/extension.js:2:2386
	at Array.map (<anonymous>)
	at g.activateWorkspace (/home/agoy/.vscode-oss/extensions/ms-python.python-2023.8.0-universal/out/client/extension.js:2:2376)
2023-06-02 20:16:18.798 [info] Extension host with pid 5033 started
2023-06-02 20:16:18.798 [info] Skipping acquiring lock for /home/agoy/.config/Code - OSS/User/workspaceStorage/de045d141a8b035fd6afde5a0c3a97e9.
2023-06-02 20:16:18.823 [info] ExtensionService#_doActivateExtension vscode.git-base, startup: false, activationEvent: '*', root cause: vscode.git
2023-06-02 20:16:18.830 [info] ExtensionService#_doActivateExtension s-nlf-fh.glassit, startup: false, activationEvent: '*'
2023-06-02 20:16:18.991 [info] ExtensionService#_doActivateExtension vscodevim.vim, startup: false, activationEvent: '*'
2023-06-02 20:16:19.048 [info] ExtensionService#_doActivateExtension vscode.emmet, startup: false, activationEvent: 'onLanguage'
2023-06-02 20:16:19.080 [info] ExtensionService#_doActivateExtension vadimcn.vscode-lldb, startup: false, activationEvent: 'onLanguage:c', root cause: franneck94.c-cpp-runner
2023-06-02 20:16:19.097 [info] ExtensionService#_doActivateExtension vscode.json-language-features, startup: false, activationEvent: 'onLanguage:jsonc'
2023-06-02 20:16:19.211 [info] ExtensionService#_doActivateExtension vscode.typescript-language-features, startup: false, activationEvent: 'onLanguage:jsonc'
2023-06-02 20:16:19.291 [info] ExtensionService#_doActivateExtension vscode.debug-server-ready, startup: false, activationEvent: 'onDebugResolve'
2023-06-02 20:16:19.304 [info] ExtensionService#_doActivateExtension ms-vscode.js-debug, startup: false, activationEvent: 'onDebugInitialConfigurations'
2023-06-02 20:16:19.516 [info] ExtensionService#_doActivateExtension ms-python.python, startup: false, activationEvent: 'onDebugInitialConfigurations'
2023-06-02 20:16:20.027 [info] ExtensionService#_doActivateExtension vscode.git, startup: false, activationEvent: '*'
2023-06-02 20:16:20.211 [info] ExtensionService#_doActivateExtension vscode.github, startup: false, activationEvent: '*'
2023-06-02 20:16:20.267 [info] ExtensionService#_doActivateExtension franneck94.c-cpp-runner, startup: false, activationEvent: 'onLanguage:c'
2023-06-02 20:16:21.577 [error] Error: Extension 'ms-python.python' CANNOT use API proposal: testObserver.
Its package.json#enabledApiProposals-property declares:  but NOT testObserver.
 The missing proposal MUST be added and you must start in extension development mode or use the following command line switch: --enable-proposed-api ms-python.python
	at T (/usr/lib/code/out/vs/workbench/api/node/extensionHostProcess.js:94:44801)
	at get testResults [as testResults] (/usr/lib/code/out/vs/workbench/api/node/extensionHostProcess.js:116:26559)
	at w.activate (/home/agoy/.vscode-oss/extensions/ms-python.python-2023.8.0-universal/out/client/extension.js:2:800768)
	at /home/agoy/.vscode-oss/extensions/ms-python.python-2023.8.0-universal/out/client/extension.js:2:2386
	at Array.map (<anonymous>)
	at g.activateWorkspace (/home/agoy/.vscode-oss/extensions/ms-python.python-2023.8.0-universal/out/client/extension.js:2:2376)
2023-06-02 20:16:27.017 [info] Not activating extension 'franneck94.c-cpp-runner': Timed out while searching for 'workspaceContains' pattern *.h,*.c,*.hh,*.cc,*.hxx,*.cxx,*.hpp,*.cpp
2023-06-02 20:16:27.017 [info] Not activating extension 'rust-lang.rust-analyzer': Timed out while searching for 'workspaceContains' pattern */Cargo.toml,*/rust-project.json
2023-06-02 20:16:27.084 [info] Eager extensions activated
2023-06-02 20:16:27.089 [info] ExtensionService#_doActivateExtension vscode.debug-auto-launch, startup: false, activationEvent: 'onStartupFinished'
2023-06-02 20:16:27.390 [info] ExtensionService#_doActivateExtension vscode.merge-conflict, startup: false, activationEvent: 'onStartupFinished'
2023-06-02 20:29:38.181 [info] ExtensionService#_doActivateExtension rust-lang.rust-analyzer, startup: false, activationEvent: 'onLanguage:rust'
2023-06-02 20:38:02.817 [info] Extension host terminating: renderer closed the MessagePort
2023-06-02 20:38:02.863 [error] Canceled: Canceled
	at new l (/usr/lib/code/out/vs/workbench/api/node/extensionHostProcess.js:98:104563)
	at a.O (/usr/lib/code/out/vs/workbench/api/node/extensionHostProcess.js:110:11657)
	at H.<computed>.V.charCodeAt.H.<computed> (/usr/lib/code/out/vs/workbench/api/node/extensionHostProcess.js:110:8947)
	at e.ExtHostCommands.g (/usr/lib/code/out/vs/workbench/api/node/extensionHostProcess.js:98:124729)
	at e.ExtHostCommands.executeCommand (/usr/lib/code/out/vs/workbench/api/node/extensionHostProcess.js:98:124105)
	at C.registerCommand.description (/usr/lib/code/out/vs/workbench/api/node/extensionHostProcess.js:98:123398)
	at e.ExtHostCommands.h (/usr/lib/code/out/vs/workbench/api/node/extensionHostProcess.js:98:125315)
	at e.ExtHostCommands.g (/usr/lib/code/out/vs/workbench/api/node/extensionHostProcess.js:98:124205)
	at e.ExtHostCommands.executeCommand (/usr/lib/code/out/vs/workbench/api/node/extensionHostProcess.js:98:124105)
	at Object.executeCommand (/usr/lib/code/out/vs/workbench/api/node/extensionHostProcess.js:116:24043)
	at D (/usr/lib/code/extensions/git/dist/main.js:2:1259661)
	at v.invoke (/usr/lib/code/out/vs/workbench/api/node/extensionHostProcess.js:63:145)
	at h.deliver (/usr/lib/code/out/vs/workbench/api/node/extensionHostProcess.js:63:2121)
	at i.fire (/usr/lib/code/out/vs/workbench/api/node/extensionHostProcess.js:63:1729)
	at Object.m [as dispose] (/usr/lib/code/extensions/git/dist/main.js:2:1274494)
	at /usr/lib/code/extensions/git/dist/main.js:2:1278940
	at Array.forEach (<anonymous>)
	at g.dispose (/usr/lib/code/extensions/git/dist/main.js:2:1278926)
	at t.<anonymous> (/usr/lib/code/out/vs/workbench/api/node/extensionHostProcess.js:96:12369)
	at t.dispose (/usr/lib/code/out/vs/workbench/api/node/extensionHostProcess.js:96:12504)
	at t.<anonymous> (/usr/lib/code/extensions/git/dist/main.js:2:1261791)
	at t.dispose (/usr/lib/code/out/vs/workbench/api/node/extensionHostProcess.js:96:12504)
	at T (/usr/lib/code/out/vs/workbench/api/node/extensionHostProcess.js:10:12080)
	at v.Y (/usr/lib/code/out/vs/workbench/api/node/extensionHostProcess.js:112:11173)
	at /usr/lib/code/out/vs/workbench/api/node/extensionHostProcess.js:112:9157
	at Array.map (<anonymous>)
	at v.R (/usr/lib/code/out/vs/workbench/api/node/extensionHostProcess.js:112:9144)
	at v.terminate (/usr/lib/code/out/vs/workbench/api/node/extensionHostProcess.js:112:9415)
	at d.terminate (/usr/lib/code/out/vs/workbench/api/node/extensionHostProcess.js:116:1544)
	at g (/usr/lib/code/out/vs/workbench/api/node/extensionHostProcess.js:126:34439)
	at MessagePortMain.<anonymous> (/usr/lib/code/out/vs/workbench/api/node/extensionHostProcess.js:126:30578)
	at MessagePortMain.emit (node:events:513:28)
	at MessagePortMain._internalPort.emit (node:electron/js2c/utility_init:2:367) setContext undefined
2023-06-02 20:38:02.863 [error] Canceled: Canceled
	at new l (/usr/lib/code/out/vs/workbench/api/node/extensionHostProcess.js:98:104563)
	at a.O (/usr/lib/code/out/vs/workbench/api/node/extensionHostProcess.js:110:11657)
	at H.<computed>.V.charCodeAt.H.<computed> (/usr/lib/code/out/vs/workbench/api/node/extensionHostProcess.js:110:8947)
	at e.ExtHostCommands.g (/usr/lib/code/out/vs/workbench/api/node/extensionHostProcess.js:98:124729)
	at e.ExtHostCommands.executeCommand (/usr/lib/code/out/vs/workbench/api/node/extensionHostProcess.js:98:124105)
	at C.registerCommand.description (/usr/lib/code/out/vs/workbench/api/node/extensionHostProcess.js:98:123398)
	at e.ExtHostCommands.h (/usr/lib/code/out/vs/workbench/api/node/extensionHostProcess.js:98:125315)
	at e.ExtHostCommands.g (/usr/lib/code/out/vs/workbench/api/node/extensionHostProcess.js:98:124205)
	at e.ExtHostCommands.executeCommand (/usr/lib/code/out/vs/workbench/api/node/extensionHostProcess.js:98:124105)
	at Object.executeCommand (/usr/lib/code/out/vs/workbench/api/node/extensionHostProcess.js:116:24043)
	at setContextValue (/home/agoy/.vscode-oss/extensions/franneck94.c-cpp-runner-5.2.1-universal/dist/main.js:5343:28)
	at Object.deactivate (/home/agoy/.vscode-oss/extensions/franneck94.c-cpp-runner-5.2.1-universal/dist/main.js:3482:39)
	at v.Y (/usr/lib/code/out/vs/workbench/api/node/extensionHostProcess.js:112:10974)
	at /usr/lib/code/out/vs/workbench/api/node/extensionHostProcess.js:112:9157
	at Array.map (<anonymous>)
	at v.R (/usr/lib/code/out/vs/workbench/api/node/extensionHostProcess.js:112:9144)
	at v.terminate (/usr/lib/code/out/vs/workbench/api/node/extensionHostProcess.js:112:9415)
	at d.terminate (/usr/lib/code/out/vs/workbench/api/node/extensionHostProcess.js:116:1544)
	at g (/usr/lib/code/out/vs/workbench/api/node/extensionHostProcess.js:126:34439)
	at MessagePortMain.<anonymous> (/usr/lib/code/out/vs/workbench/api/node/extensionHostProcess.js:126:30578)
	at MessagePortMain.emit (node:events:513:28)
	at MessagePortMain._internalPort.emit (node:electron/js2c/utility_init:2:367) setContext undefined
2023-06-02 20:38:02.863 [error] Canceled: Canceled
	at new l (/usr/lib/code/out/vs/workbench/api/node/extensionHostProcess.js:98:104563)
	at a.O (/usr/lib/code/out/vs/workbench/api/node/extensionHostProcess.js:110:11657)
	at H.<computed>.V.charCodeAt.H.<computed> (/usr/lib/code/out/vs/workbench/api/node/extensionHostProcess.js:110:8947)
	at e.ExtHostCommands.g (/usr/lib/code/out/vs/workbench/api/node/extensionHostProcess.js:98:124729)
	at e.ExtHostCommands.executeCommand (/usr/lib/code/out/vs/workbench/api/node/extensionHostProcess.js:98:124105)
	at C.registerCommand.description (/usr/lib/code/out/vs/workbench/api/node/extensionHostProcess.js:98:123398)
	at e.ExtHostCommands.h (/usr/lib/code/out/vs/workbench/api/node/extensionHostProcess.js:98:125315)
	at e.ExtHostCommands.g (/usr/lib/code/out/vs/workbench/api/node/extensionHostProcess.js:98:124205)
	at e.ExtHostCommands.executeCommand (/usr/lib/code/out/vs/workbench/api/node/extensionHostProcess.js:98:124105)
	at Object.executeCommand (/usr/lib/code/out/vs/workbench/api/node/extensionHostProcess.js:116:24043)
	at $l (/home/agoy/.vscode-oss/extensions/rust-lang.rust-analyzer-0.3.1533-linux-x64/out/main.js:39:69169)
	at Object.CS (/home/agoy/.vscode-oss/extensions/rust-lang.rust-analyzer-0.3.1533-linux-x64/out/main.js:115:4501)
	at v.Y (/usr/lib/code/out/vs/workbench/api/node/extensionHostProcess.js:112:10974)
	at /usr/lib/code/out/vs/workbench/api/node/extensionHostProcess.js:112:9157
	at Array.map (<anonymous>)
	at v.R (/usr/lib/code/out/vs/workbench/api/node/extensionHostProcess.js:112:9144)
	at v.terminate (/usr/lib/code/out/vs/workbench/api/node/extensionHostProcess.js:112:9415)
	at d.terminate (/usr/lib/code/out/vs/workbench/api/node/extensionHostProcess.js:116:1544)
	at g (/usr/lib/code/out/vs/workbench/api/node/extensionHostProcess.js:126:34439)
	at MessagePortMain.<anonymous> (/usr/lib/code/out/vs/workbench/api/node/extensionHostProcess.js:126:30578)
	at MessagePortMain.emit (node:events:513:28)
	at MessagePortMain._internalPort.emit (node:electron/js2c/utility_init:2:367) setContext undefined
2023-06-02 20:38:02.863 [error] Canceled: Canceled
	at new l (/usr/lib/code/out/vs/workbench/api/node/extensionHostProcess.js:98:104563)
	at a.O (/usr/lib/code/out/vs/workbench/api/node/extensionHostProcess.js:110:11657)
	at H.<computed>.V.charCodeAt.H.<computed> (/usr/lib/code/out/vs/workbench/api/node/extensionHostProcess.js:110:8947)
	at e.ExtHostCommands.g (/usr/lib/code/out/vs/workbench/api/node/extensionHostProcess.js:98:124729)
	at e.ExtHostCommands.executeCommand (/usr/lib/code/out/vs/workbench/api/node/extensionHostProcess.js:98:124105)
	at C.registerCommand.description (/usr/lib/code/out/vs/workbench/api/node/extensionHostProcess.js:98:123398)
	at e.ExtHostCommands.h (/usr/lib/code/out/vs/workbench/api/node/extensionHostProcess.js:98:125315)
	at e.ExtHostCommands.g (/usr/lib/code/out/vs/workbench/api/node/extensionHostProcess.js:98:124205)
	at e.ExtHostCommands.executeCommand (/usr/lib/code/out/vs/workbench/api/node/extensionHostProcess.js:98:124105)
	at Object.executeCommand (/usr/lib/code/out/vs/workbench/api/node/extensionHostProcess.js:116:24043)
	at $l (/home/agoy/.vscode-oss/extensions/rust-lang.rust-analyzer-0.3.1533-linux-x64/out/main.js:39:69169)
	at Object.CS (/home/agoy/.vscode-oss/extensions/rust-lang.rust-analyzer-0.3.1533-linux-x64/out/main.js:115:4501)
	at v.Y (/usr/lib/code/out/vs/workbench/api/node/extensionHostProcess.js:112:10974)
	at /usr/lib/code/out/vs/workbench/api/node/extensionHostProcess.js:112:9157
	at Array.map (<anonymous>)
	at v.R (/usr/lib/code/out/vs/workbench/api/node/extensionHostProcess.js:112:9144)
	at v.terminate (/usr/lib/code/out/vs/workbench/api/node/extensionHostProcess.js:112:9415)
	at d.terminate (/usr/lib/code/out/vs/workbench/api/node/extensionHostProcess.js:116:1544)
	at g (/usr/lib/code/out/vs/workbench/api/node/extensionHostProcess.js:126:34439)
	at MessagePortMain.<anonymous> (/usr/lib/code/out/vs/workbench/api/node/extensionHostProcess.js:126:30578)
	at MessagePortMain.emit (node:events:513:28)
	at MessagePortMain._internalPort.emit (node:electron/js2c/utility_init:2:367)
2023-06-02 20:38:02.867 [info] Extension host with pid 5033 exiting with code 0
