2023-06-02 20:13:33.680 [info] Added views:workbench.panel.markers.view in workbench.panel.markers
2023-06-02 20:13:33.680 [info] Added views:workbench.panel.output in workbench.panel.output
2023-06-02 20:13:33.680 [info] Added views:terminal in terminal
2023-06-02 20:13:33.680 [info] Added views:workbench.scm in workbench.view.scm
2023-06-02 20:13:33.680 [info] Added views:workbench.view.search in workbench.view.search
2023-06-02 20:13:33.680 [info] Added views:workbench.explorer.fileView in workbench.view.explorer
2023-06-02 20:13:33.874 [info] Added views:workbench.debug.welcome in workbench.view.debug
2023-06-02 20:13:34.397 [info] Added views:workbench.panel.repl.view in workbench.panel.repl
2023-06-02 20:13:46.404 [info] Added views:workbench.debug.breakPointsView in workbench.view.debug
2023-06-02 20:13:47.985 [info] Added views:workbench.views.extensions.installed,workbench.views.extensions.popular,extensions.recommendedList in workbench.view.extensions
2023-06-02 20:13:47.990 [info] Removed views:workbench.views.extensions.popular from workbench.view.extensions
2023-06-02 20:13:48.594 [info] Removed views:extensions.recommendedList,workbench.views.extensions.installed from workbench.view.extensions
2023-06-02 20:13:48.607 [info] Added views:workbench.views.extensions.marketplace in workbench.view.extensions
2023-06-02 20:14:51.878 [info] Added views:workbench.view.testing in workbench.view.extension.test
2023-06-02 20:16:17.387 [info] Removed views:workbench.view.testing from workbench.view.extension.test
2023-06-02 20:16:18.633 [info] Removed views:workbench.panel.repl.view from workbench.panel.repl
2023-06-02 20:16:18.830 [info] Added views:workbench.panel.repl.view in workbench.panel.repl
2023-06-02 20:16:20.418 [info] Added views:workbench.view.testing in workbench.view.extension.test
2023-06-02 20:29:38.527 [info] Added views:rustDependencies in workbench.view.explorer
2023-06-02 20:38:02.825 [info] Removed views:workbench.view.testing from workbench.view.extension.test
