2023-06-04 16:29:48.213 [info] Log level: Info
2023-06-04 16:29:48.213 [info] Validating found git in: "git"
2023-06-04 16:29:48.213 [info] Using git "2.40.1" from "git"
2023-06-04 16:29:48.213 [info] > git rev-parse --show-toplevel [50ms]
2023-06-04 16:29:48.213 [info] fatal: not a git repository (or any of the parent directories): .git
2023-06-04 16:29:48.213 [info] > git rev-parse --show-toplevel [69ms]
2023-06-04 16:29:48.213 [info] fatal: not a git repository (or any of the parent directories): .git
2023-06-04 16:29:48.215 [info] > git rev-parse --show-toplevel [7ms]
2023-06-04 16:29:48.215 [info] fatal: not a git repository (or any of the parent directories): .git
2023-06-04 16:29:48.241 [info] > git rev-parse --show-toplevel [9ms]
2023-06-04 16:29:48.241 [info] fatal: not a git repository (or any of the parent directories): .git
2023-06-04 16:29:48.295 [info] > git rev-parse --show-toplevel [37ms]
2023-06-04 16:29:48.295 [info] fatal: not a git repository (or any parent up to mount point /)
Stopping at filesystem boundary (GIT_DISCOVERY_ACROSS_FILESYSTEM not set).
2023-06-04 16:29:48.321 [info] > git rev-parse --show-toplevel [17ms]
2023-06-04 16:29:48.321 [info] fatal: not a git repository (or any of the parent directories): .git
2023-06-04 16:29:48.346 [info] > git rev-parse --show-toplevel [9ms]
2023-06-04 16:29:48.346 [info] fatal: not a git repository (or any of the parent directories): .git
2023-06-04 16:29:48.383 [info] > git rev-parse --show-toplevel [19ms]
2023-06-04 16:29:48.383 [info] fatal: not a git repository (or any parent up to mount point /)
Stopping at filesystem boundary (GIT_DISCOVERY_ACROSS_FILESYSTEM not set).
2023-06-04 16:29:48.416 [info] > git rev-parse --show-toplevel [19ms]
2023-06-04 16:29:48.416 [info] fatal: not a git repository (or any of the parent directories): .git
2023-06-04 16:29:48.446 [info] > git rev-parse --show-toplevel [7ms]
2023-06-04 16:29:48.446 [info] fatal: not a git repository (or any parent up to mount point /)
Stopping at filesystem boundary (GIT_DISCOVERY_ACROSS_FILESYSTEM not set).
2023-06-04 16:29:48.492 [info] > git rev-parse --show-toplevel [23ms]
2023-06-04 16:29:48.492 [info] fatal: not a git repository (or any parent up to mount point /)
Stopping at filesystem boundary (GIT_DISCOVERY_ACROSS_FILESYSTEM not set).
2023-06-04 16:29:48.518 [info] > git rev-parse --show-toplevel [11ms]
2023-06-04 16:29:48.518 [info] fatal: not a git repository (or any of the parent directories): .git
2023-06-04 16:29:48.543 [info] > git rev-parse --show-toplevel [5ms]
2023-06-04 16:29:48.543 [info] fatal: not a git repository (or any parent up to mount point /)
Stopping at filesystem boundary (GIT_DISCOVERY_ACROSS_FILESYSTEM not set).
2023-06-04 16:29:48.568 [info] > git rev-parse --show-toplevel [10ms]
2023-06-04 16:29:48.568 [info] fatal: not a git repository (or any parent up to mount point /)
Stopping at filesystem boundary (GIT_DISCOVERY_ACROSS_FILESYSTEM not set).
2023-06-04 16:29:48.581 [info] > git rev-parse --show-toplevel [1ms]
2023-06-04 16:29:48.582 [info] fatal: not a git repository (or any of the parent directories): .git
2023-06-04 16:29:48.627 [info] > git rev-parse --show-toplevel [27ms]
2023-06-04 16:29:48.627 [info] fatal: not a git repository (or any of the parent directories): .git
2023-06-04 16:29:48.639 [info] > git rev-parse --show-toplevel [2ms]
2023-06-04 16:29:48.639 [info] fatal: not a git repository (or any of the parent directories): .git
2023-06-04 16:30:09.394 [info] > git rev-parse --show-toplevel [3ms]
2023-06-04 16:30:09.394 [info] fatal: not a git repository (or any of the parent directories): .git
2023-06-04 16:30:55.453 [info] > git rev-parse --show-toplevel [9ms]
2023-06-04 16:30:55.453 [info] fatal: not a git repository (or any of the parent directories): .git
2023-06-04 16:31:45.350 [info] > git rev-parse --show-toplevel [4ms]
2023-06-04 16:31:45.350 [info] fatal: not a git repository (or any of the parent directories): .git
2023-06-04 16:32:14.722 [info] Log level: Info
2023-06-04 16:32:14.734 [info] Validating found git in: "git"
2023-06-04 16:32:14.734 [info] Using git "2.40.1" from "git"
2023-06-04 16:32:14.739 [info] > git rev-parse --show-toplevel [19ms]
2023-06-04 16:32:14.739 [info] fatal: not a git repository (or any of the parent directories): .git
2023-06-04 16:32:14.981 [info] > git rev-parse --show-toplevel [217ms]
2023-06-04 16:32:14.981 [info] fatal: not a git repository (or any of the parent directories): .git
2023-06-04 16:32:15.005 [info] > git rev-parse --show-toplevel [15ms]
2023-06-04 16:32:15.005 [info] fatal: not a git repository (or any of the parent directories): .git
2023-06-04 16:32:15.026 [info] > git rev-parse --show-toplevel [15ms]
2023-06-04 16:32:15.026 [info] fatal: not a git repository (or any of the parent directories): .git
2023-06-04 16:32:15.045 [info] > git rev-parse --show-toplevel [13ms]
2023-06-04 16:32:15.045 [info] fatal: not a git repository (or any parent up to mount point /)
Stopping at filesystem boundary (GIT_DISCOVERY_ACROSS_FILESYSTEM not set).
2023-06-04 16:32:15.069 [info] > git rev-parse --show-toplevel [2ms]
2023-06-04 16:32:15.069 [info] fatal: not a git repository (or any of the parent directories): .git
2023-06-04 16:32:15.096 [info] > git rev-parse --show-toplevel [2ms]
2023-06-04 16:32:15.096 [info] fatal: not a git repository (or any of the parent directories): .git
2023-06-04 16:32:15.119 [info] > git rev-parse --show-toplevel [1ms]
2023-06-04 16:32:15.119 [info] fatal: not a git repository (or any parent up to mount point /)
Stopping at filesystem boundary (GIT_DISCOVERY_ACROSS_FILESYSTEM not set).
2023-06-04 16:32:15.127 [info] > git rev-parse --show-toplevel [2ms]
2023-06-04 16:32:15.127 [info] fatal: not a git repository (or any of the parent directories): .git
2023-06-04 16:32:15.138 [info] > git rev-parse --show-toplevel [4ms]
2023-06-04 16:32:15.138 [info] fatal: not a git repository (or any parent up to mount point /)
Stopping at filesystem boundary (GIT_DISCOVERY_ACROSS_FILESYSTEM not set).
2023-06-04 16:32:15.153 [info] > git rev-parse --show-toplevel [3ms]
2023-06-04 16:32:15.153 [info] fatal: not a git repository (or any parent up to mount point /)
Stopping at filesystem boundary (GIT_DISCOVERY_ACROSS_FILESYSTEM not set).
2023-06-04 16:32:15.182 [info] > git rev-parse --show-toplevel [2ms]
2023-06-04 16:32:15.182 [info] fatal: not a git repository (or any of the parent directories): .git
2023-06-04 16:32:15.206 [info] > git rev-parse --show-toplevel [2ms]
2023-06-04 16:32:15.206 [info] fatal: not a git repository (or any parent up to mount point /)
Stopping at filesystem boundary (GIT_DISCOVERY_ACROSS_FILESYSTEM not set).
2023-06-04 16:32:15.214 [info] > git rev-parse --show-toplevel [1ms]
2023-06-04 16:32:15.214 [info] fatal: not a git repository (or any parent up to mount point /)
Stopping at filesystem boundary (GIT_DISCOVERY_ACROSS_FILESYSTEM not set).
2023-06-04 16:32:15.249 [info] > git rev-parse --show-toplevel [17ms]
2023-06-04 16:32:15.249 [info] fatal: not a git repository (or any of the parent directories): .git
2023-06-04 16:32:15.276 [info] > git rev-parse --show-toplevel [12ms]
2023-06-04 16:32:15.277 [info] fatal: not a git repository (or any of the parent directories): .git
2023-06-04 16:33:21.529 [info] > git rev-parse --show-toplevel [3ms]
2023-06-04 16:33:21.529 [info] fatal: not a git repository (or any of the parent directories): .git
2023-06-04 16:34:07.383 [info] > git rev-parse --show-toplevel [2ms]
2023-06-04 16:34:07.383 [info] fatal: not a git repository (or any of the parent directories): .git
2023-06-04 16:35:36.770 [info] > git rev-parse --show-toplevel [3ms]
2023-06-04 16:35:36.770 [info] fatal: not a git repository (or any of the parent directories): .git
2023-06-04 19:11:16.261 [info] > git rev-parse --show-toplevel [1ms]
2023-06-04 19:11:16.261 [info] fatal: not a git repository (or any of the parent directories): .git
2023-06-04 19:11:21.020 [info] > git rev-parse --show-toplevel [3ms]
2023-06-04 19:11:21.020 [info] fatal: not a git repository (or any of the parent directories): .git
2023-06-04 19:16:16.270 [info] > git rev-parse --show-toplevel [3ms]
2023-06-04 19:16:16.270 [info] fatal: not a git repository (or any of the parent directories): .git
2023-06-04 19:16:30.909 [info] > git rev-parse --show-toplevel [2ms]
2023-06-04 19:16:30.909 [info] fatal: not a git repository (or any of the parent directories): .git
2023-06-04 19:16:56.226 [info] > git rev-parse --show-toplevel [6ms]
2023-06-04 19:16:56.226 [info] fatal: not a git repository (or any of the parent directories): .git
2023-06-04 19:17:39.479 [info] > git rev-parse --show-toplevel [2ms]
2023-06-04 19:17:39.479 [info] fatal: not a git repository (or any of the parent directories): .git
2023-06-04 20:11:42.124 [info] > git rev-parse --show-toplevel [1ms]
2023-06-04 20:11:42.124 [info] fatal: not a git repository (or any of the parent directories): .git
2023-06-04 20:17:47.632 [info] > git rev-parse --show-toplevel [4ms]
2023-06-04 20:17:47.632 [info] fatal: not a git repository (or any of the parent directories): .git
2023-06-04 20:17:52.291 [info] > git rev-parse --show-toplevel [1ms]
2023-06-04 20:17:52.291 [info] fatal: not a git repository (or any of the parent directories): .git
2023-06-04 20:19:57.747 [info] > git rev-parse --show-toplevel [1ms]
2023-06-04 20:19:57.747 [info] fatal: not a git repository (or any of the parent directories): .git
2023-06-04 20:21:04.170 [info] > git rev-parse --show-toplevel [1ms]
2023-06-04 20:21:04.170 [info] fatal: not a git repository (or any of the parent directories): .git
2023-06-04 20:29:28.736 [info] > git rev-parse --show-toplevel [1ms]
2023-06-04 20:29:28.736 [info] fatal: not a git repository (or any of the parent directories): .git
2023-06-04 20:29:28.745 [info] > git rev-parse --show-toplevel [1ms]
2023-06-04 20:29:28.745 [info] fatal: not a git repository (or any of the parent directories): .git
2023-06-04 20:29:30.171 [info] > git rev-parse --show-toplevel [2ms]
2023-06-04 20:29:30.171 [info] fatal: not a git repository (or any of the parent directories): .git
2023-06-04 20:29:30.183 [info] > git rev-parse --show-toplevel [2ms]
2023-06-04 20:29:30.184 [info] fatal: not a git repository (or any of the parent directories): .git
2023-06-04 20:29:30.195 [info] > git rev-parse --show-toplevel [3ms]
2023-06-04 20:29:30.195 [info] fatal: not a git repository (or any of the parent directories): .git
2023-06-04 20:29:31.469 [info] > git rev-parse --show-toplevel [2ms]
2023-06-04 20:29:31.469 [info] fatal: not a git repository (or any of the parent directories): .git
2023-06-04 20:29:31.478 [info] > git rev-parse --show-toplevel [1ms]
2023-06-04 20:29:31.478 [info] fatal: not a git repository (or any of the parent directories): .git
2023-06-04 20:29:32.595 [info] > git rev-parse --show-toplevel [1ms]
2023-06-04 20:29:32.595 [info] fatal: not a git repository (or any of the parent directories): .git
2023-06-04 20:29:37.839 [info] > git rev-parse --show-toplevel [2ms]
2023-06-04 20:29:37.839 [info] fatal: not a git repository (or any of the parent directories): .git
2023-06-04 20:29:39.894 [info] > git rev-parse --show-toplevel [3ms]
2023-06-04 20:29:39.894 [info] fatal: not a git repository (or any of the parent directories): .git
2023-06-04 21:03:26.860 [info] > git rev-parse --show-toplevel [2ms]
2023-06-04 21:03:26.861 [info] fatal: not a git repository (or any of the parent directories): .git
2023-06-04 21:04:24.897 [info] > git rev-parse --show-toplevel [1ms]
2023-06-04 21:04:24.897 [info] fatal: not a git repository (or any of the parent directories): .git
2023-06-04 21:06:10.892 [info] > git rev-parse --show-toplevel [3116ms]
2023-06-04 21:06:10.892 [info] fatal: not a git repository (or any of the parent directories): .git
2023-06-04 21:06:16.380 [info] > git rev-parse --show-toplevel [551ms]
2023-06-04 21:06:16.380 [info] fatal: not a git repository (or any of the parent directories): .git
2023-06-04 21:06:57.554 [info] > git rev-parse --show-toplevel [719ms]
2023-06-04 21:06:57.554 [info] fatal: not a git repository (or any of the parent directories): .git
2023-06-04 21:07:39.740 [info] Log level: Info
2023-06-04 21:07:39.740 [info] Validating found git in: "git"
2023-06-04 21:07:39.740 [info] Using git "2.40.1" from "git"
2023-06-04 21:07:39.740 [info] > git rev-parse --show-toplevel [14ms]
2023-06-04 21:07:39.740 [info] fatal: not a git repository (or any of the parent directories): .git
2023-06-04 21:07:39.740 [info] > git rev-parse --show-toplevel [18ms]
2023-06-04 21:07:39.740 [info] fatal: not a git repository (or any of the parent directories): .git
2023-06-04 21:07:39.741 [info] > git rev-parse --show-toplevel [34ms]
2023-06-04 21:07:39.741 [info] fatal: not a git repository (or any of the parent directories): .git
2023-06-04 21:07:39.754 [info] > git rev-parse --show-toplevel [6ms]
2023-06-04 21:07:39.754 [info] fatal: not a git repository (or any of the parent directories): .git
2023-06-04 21:07:39.765 [info] > git rev-parse --show-toplevel [3ms]
2023-06-04 21:07:39.765 [info] fatal: not a git repository (or any parent up to mount point /)
Stopping at filesystem boundary (GIT_DISCOVERY_ACROSS_FILESYSTEM not set).
2023-06-04 21:07:39.775 [info] > git rev-parse --show-toplevel [3ms]
2023-06-04 21:07:39.775 [info] fatal: not a git repository (or any of the parent directories): .git
2023-06-04 21:07:39.796 [info] > git rev-parse --show-toplevel [14ms]
2023-06-04 21:07:39.797 [info] fatal: not a git repository (or any of the parent directories): .git
2023-06-04 21:07:39.812 [info] > git rev-parse --show-toplevel [1ms]
2023-06-04 21:07:39.812 [info] fatal: not a git repository (or any parent up to mount point /)
Stopping at filesystem boundary (GIT_DISCOVERY_ACROSS_FILESYSTEM not set).
2023-06-04 21:07:39.820 [info] > git rev-parse --show-toplevel [1ms]
2023-06-04 21:07:39.821 [info] fatal: not a git repository (or any of the parent directories): .git
2023-06-04 21:07:39.830 [info] > git rev-parse --show-toplevel [1ms]
2023-06-04 21:07:39.830 [info] fatal: not a git repository (or any parent up to mount point /)
Stopping at filesystem boundary (GIT_DISCOVERY_ACROSS_FILESYSTEM not set).
2023-06-04 21:07:39.848 [info] > git rev-parse --show-toplevel [1ms]
2023-06-04 21:07:39.848 [info] fatal: not a git repository (or any parent up to mount point /)
Stopping at filesystem boundary (GIT_DISCOVERY_ACROSS_FILESYSTEM not set).
2023-06-04 21:07:39.857 [info] > git rev-parse --show-toplevel [1ms]
2023-06-04 21:07:39.857 [info] fatal: not a git repository (or any of the parent directories): .git
2023-06-04 21:07:39.866 [info] > git rev-parse --show-toplevel [1ms]
2023-06-04 21:07:39.866 [info] fatal: not a git repository (or any parent up to mount point /)
Stopping at filesystem boundary (GIT_DISCOVERY_ACROSS_FILESYSTEM not set).
2023-06-04 21:07:39.875 [info] > git rev-parse --show-toplevel [1ms]
2023-06-04 21:07:39.875 [info] fatal: not a git repository (or any parent up to mount point /)
Stopping at filesystem boundary (GIT_DISCOVERY_ACROSS_FILESYSTEM not set).
2023-06-04 21:07:39.885 [info] > git rev-parse --show-toplevel [2ms]
2023-06-04 21:07:39.885 [info] fatal: not a git repository (or any of the parent directories): .git
2023-06-04 21:07:39.894 [info] > git rev-parse --show-toplevel [3ms]
2023-06-04 21:07:39.894 [info] fatal: not a git repository (or any of the parent directories): .git
2023-06-04 21:08:02.196 [info] > git rev-parse --show-toplevel [1ms]
2023-06-04 21:08:02.196 [info] fatal: not a git repository (or any of the parent directories): .git
2023-06-04 21:08:05.895 [info] > git rev-parse --show-toplevel [3ms]
2023-06-04 21:08:05.895 [info] fatal: not a git repository (or any of the parent directories): .git
