2023-06-04 16:29:46.421 [info] Added views:workbench.panel.markers.view in workbench.panel.markers
2023-06-04 16:29:46.421 [info] Added views:workbench.panel.output in workbench.panel.output
2023-06-04 16:29:46.421 [info] Added views:terminal in terminal
2023-06-04 16:29:46.421 [info] Added views:workbench.scm in workbench.view.scm
2023-06-04 16:29:46.421 [info] Added views:workbench.view.search in workbench.view.search
2023-06-04 16:29:46.421 [info] Added views:workbench.explorer.fileView in workbench.view.explorer
2023-06-04 16:29:46.805 [info] Added views:workbench.debug.welcome in workbench.view.debug
2023-06-04 16:29:46.989 [info] Added views:workbench.panel.repl.view in workbench.panel.repl
2023-06-04 16:30:21.055 [info] Added views:workbench.views.extensions.installed,workbench.views.extensions.popular,extensions.recommendedList in workbench.view.extensions
2023-06-04 16:30:21.059 [info] Removed views:workbench.views.extensions.popular from workbench.view.extensions
2023-06-04 16:30:24.308 [info] Removed views:extensions.recommendedList,workbench.views.extensions.installed from workbench.view.extensions
2023-06-04 16:30:24.324 [info] Added views:workbench.views.extensions.marketplace in workbench.view.extensions
2023-06-04 16:32:01.545 [info] Removed views:workbench.views.extensions.marketplace from workbench.view.extensions
2023-06-04 16:32:01.586 [info] Added views:workbench.views.extensions.installed,extensions.recommendedList in workbench.view.extensions
2023-06-04 16:32:12.033 [info] Added views:workbench.panel.markers.view in workbench.panel.markers
2023-06-04 16:32:12.033 [info] Added views:workbench.panel.output in workbench.panel.output
2023-06-04 16:32:12.033 [info] Added views:terminal in terminal
2023-06-04 16:32:12.033 [info] Added views:workbench.scm in workbench.view.scm
2023-06-04 16:32:12.033 [info] Added views:workbench.view.search in workbench.view.search
2023-06-04 16:32:12.033 [info] Added views:workbench.explorer.fileView in workbench.view.explorer
2023-06-04 16:32:12.132 [info] Added views:workbench.debug.welcome in workbench.view.debug
2023-06-04 16:32:12.611 [info] Added views:workbench.views.extensions.installed,extensions.recommendedList in workbench.view.extensions
2023-06-04 16:32:13.249 [info] Added views:workbench.panel.repl.view in workbench.panel.repl
2023-06-04 20:11:07.993 [info] Removed views:extensions.recommendedList,workbench.views.extensions.installed from workbench.view.extensions
2023-06-04 20:11:08.032 [info] Added views:workbench.views.extensions.marketplace in workbench.view.extensions
2023-06-04 21:07:38.117 [info] Added views:workbench.panel.markers.view in workbench.panel.markers
2023-06-04 21:07:38.117 [info] Added views:workbench.panel.output in workbench.panel.output
2023-06-04 21:07:38.117 [info] Added views:terminal in terminal
2023-06-04 21:07:38.117 [info] Added views:workbench.scm in workbench.view.scm
2023-06-04 21:07:38.117 [info] Added views:workbench.view.search in workbench.view.search
2023-06-04 21:07:38.117 [info] Added views:workbench.explorer.fileView in workbench.view.explorer
2023-06-04 21:07:38.251 [info] Added views:workbench.debug.welcome in workbench.view.debug
2023-06-04 21:07:38.678 [info] Added views:workbench.panel.repl.view in workbench.panel.repl
2023-06-04 21:07:38.979 [info] Added views:workbench.views.extensions.installed,extensions.recommendedList in workbench.view.extensions
