2023-06-02 20:13:34.867 [info] /home/agoy/.config/Code - OSS/User/settings.json closed
2023-06-02 20:13:34.934 [info] Configuration changed
2023-06-02 20:13:39.680 [info] Executing :w
2023-06-02 20:14:15.194 [info] Configuration changed
2023-06-02 20:14:24.431 [info] Active editor: file:///home/agoy/asd.c
2023-06-02 20:17:09.979 [info] Executing :w
2023-06-02 20:17:22.143 [info] Executing :w
2023-06-02 20:18:53.513 [info] Executing :w
2023-06-02 20:19:23.095 [info] Executing :w
2023-06-02 20:19:54.329 [info] Executing :w
2023-06-02 20:20:11.559 [info] Executing :w
2023-06-02 20:20:31.964 [info] Executing :w
2023-06-02 20:21:32.159 [info] Executing :w
2023-06-02 20:22:46.349 [info] Executing :w
2023-06-02 20:23:39.726 [info] Executing :w
2023-06-02 20:24:02.993 [info] Executing :w
2023-06-02 20:24:30.308 [info] /home/agoy/asd.c closed
2023-06-02 20:24:33.628 [info] Active editor: file:///home/agoy/asd.c
2023-06-02 20:24:38.965 [info] /home/agoy/asd.c closed
2023-06-02 20:29:38.137 [info] Active editor: file:///home/agoy/Documents/asd/src/main.rs
2023-06-02 20:32:15.811 [info] Executing :w
2023-06-02 20:32:42.699 [info] Executing :w
2023-06-02 20:33:28.040 [info] Executing :w
2023-06-02 20:37:20.297 [info] /home/agoy/Documents/asd/src/main.rs closed
2023-06-02 20:37:20.297 [info] /home/agoy/Documents/asd/src/main.rs.git closed
